<?xml version="1.0" encoding="UTF-8"?><?mso-infoPathSolution solutionVersion="1.0.0.2065" PIVersion="1.0.0.0" href="https://vaultshare.gemalto.com/sites/isra/ISRA/Forms/template.xsn" name="urn:schemas-microsoft-com:office:infopath:ISRA:-myXSD-2015-02-04T09-20-12" productVersion="14.0.0" ?><?mso-application progid="InfoPath.Document" versionProgid="InfoPath.Document.3"?><?mso-infoPath-file-attachment-present?><my:ISRA xmlns:xsi="http://www.w3.org/2001/XMLSchema-instance" xmlns:xhtml="http://www.w3.org/1999/xhtml" xmlns:pc="http://schemas.microsoft.com/office/infopath/2007/PartnerControls" xmlns:my="http://schemas.microsoft.com/office/infopath/2003/myXSD/2015-02-04T09:20:12" xmlns:xd="http://schemas.microsoft.com/office/infopath/2003" xml:lang="en-us">
	<my:ISRAmeta>
		<my:templateVersion>49</my:templateVersion>
		<my:projectName></my:projectName>
		<my:projectOrganization></my:projectOrganization>
		<my:projectVersion></my:projectVersion>
		<my:ISRA_tracking>
			<my:trackingIteration>1</my:trackingIteration>
			<my:trackingSecurityOfficer>t0263774</my:trackingSecurityOfficer>
			<my:trackingDate>2022-03-28</my:trackingDate>
			<my:trackingComment></my:trackingComment>
		</my:ISRA_tracking>
		<my:businessAssetsCount>2</my:businessAssetsCount>
		<my:supportingAssetsCount>2</my:supportingAssetsCount>
		<my:risksCount>2</my:risksCount>
		<my:vulnerabilitiesCount>2</my:vulnerabilitiesCount>
	</my:ISRAmeta>
	<my:ProjectContext>
		<my:projectDescription></my:projectDescription>
		<my:projectURL></my:projectURL>
		<my:projectDescriptionAttachment xsi:nil="true"></my:projectDescriptionAttachment>
	</my:ProjectContext>
	<my:BusinessAssetsDesc>
		<my:Criticity my:label="Critical">4</my:Criticity>
		<my:Criticity my:label="High">3</my:Criticity>
		<my:Criticity my:label="Medium">2</my:Criticity>
		<my:Criticity my:label="Low">1</my:Criticity>
		<my:Criticity my:label="Not Applicable">0</my:Criticity>
	</my:BusinessAssetsDesc>
	<my:BusinessAsset>
		<my:businessAssetId>1</my:businessAssetId>
		<my:businessAssetName></my:businessAssetName>
		<my:businessAssetType>Data</my:businessAssetType>
		<my:businessAssetDescription></my:businessAssetDescription>
		<my:businessAssetConfidentiality>3</my:businessAssetConfidentiality>
		<my:businessAssetIntegrity>3</my:businessAssetIntegrity>
		<my:businessAssetAvailability>3</my:businessAssetAvailability>
		<my:businessAssetAuthenticity>3</my:businessAssetAuthenticity>
		<my:businessAssetAuthorization>3</my:businessAssetAuthorization>
		<my:businessAssetNonRepudiation>3</my:businessAssetNonRepudiation>
	</my:BusinessAsset>
	<my:SupportingAssetsDesc>
		<my:supportingAssetDiagram></my:supportingAssetDiagram>
	</my:SupportingAssetsDesc>
	<my:SupportingAsset>
		<my:supportingAssetId>1</my:supportingAssetId>
		<my:supportingAssetHLDId></my:supportingAssetHLDId>
		<my:supportingAssetName></my:supportingAssetName>
		<my:supportingAssetType></my:supportingAssetType>
		<my:supportingAssetSecurityLevel>-1</my:supportingAssetSecurityLevel>
		<my:supportingAndBusinessAssetLink my:businessAssetRef=""></my:supportingAndBusinessAssetLink>
	</my:SupportingAsset>
	<my:Risk>
		<my:projectName></my:projectName>
		<my:projectVersion></my:projectVersion>
		<my:riskId>1</my:riskId>
		<my:riskName>As a , I can  the  compromising the  in order to </my:riskName>
		<my:threatAgent></my:threatAgent>
		<my:threatAgentDetail></my:threatAgentDetail>
		<my:threatVerb></my:threatVerb>
		<my:threatVerbDetail></my:threatVerbDetail>
		<my:motivation></my:motivation>
		<my:motivationDetail></my:motivationDetail>
		<my:businessAssetRef></my:businessAssetRef>
		<my:supportingAssetRef></my:supportingAssetRef>
		<my:RiskName>
			<my:ComputedRiskName>
				<my:computedRiskName>As a , I can  the  compromising the  in order to </my:computedRiskName>
			</my:ComputedRiskName>
		</my:RiskName>
		<my:ImpactRiskEvaluation>
			<my:riskImpact xsi:nil="true"></my:riskImpact>
			<my:BusinessAssetSelectedProperties>
				<my:businessAssetConfidentialityFlag>1</my:businessAssetConfidentialityFlag>
				<my:businessAssetIntegrityFlag>1</my:businessAssetIntegrityFlag>
				<my:businessAssetAvailabilityFlag>1</my:businessAssetAvailabilityFlag>
				<my:businessAssetAuthenticityFlag>1</my:businessAssetAuthenticityFlag>
				<my:businessAssetAuthorizationFlag>1</my:businessAssetAuthorizationFlag>
				<my:businessAssetNonRepudiationFlag>1</my:businessAssetNonRepudiationFlag>
			</my:BusinessAssetSelectedProperties>
		</my:ImpactRiskEvaluation>
		<my:LikelihoodRiskEvaluation>
			<my:riskLikelihood>3</my:riskLikelihood>
			<my:riskLikelihoodDetail></my:riskLikelihoodDetail>
			<my:LikelihoodRiskEvaluationMethod>
				<my:OWASPLikelihoodEvaluation>
					<my:ThreatFactor>
						<my:skillLevel xsi:nil="true"></my:skillLevel>
						<my:reward xsi:nil="true"></my:reward>
						<my:accessRessources xsi:nil="true"></my:accessRessources>
						<my:size xsi:nil="true"></my:size>
						<my:intrusionDection xsi:nil="true"></my:intrusionDection>
					</my:ThreatFactor>
					<my:threatFactorScore xsi:nil="true"></my:threatFactorScore>
					<my:threatFactorLevel></my:threatFactorLevel>
					<my:occurence xsi:nil="true"></my:occurence>
					<my:occurenceLevel></my:occurenceLevel>
					<my:OWASPLikelihoodScore></my:OWASPLikelihoodScore>
				</my:OWASPLikelihoodEvaluation>
			</my:LikelihoodRiskEvaluationMethod>
		</my:LikelihoodRiskEvaluation>
		<my:VulnerabilityRiskEvaluation>
			<my:vulnerabilityRef my:score="" my:name=""></my:vulnerabilityRef>
			<my:attackPathName></my:attackPathName>
			<my:attackPathScore xsi:nil="true"></my:attackPathScore>
		</my:VulnerabilityRiskEvaluation>
		<my:allAttackPathsName></my:allAttackPathsName>
		<my:allAttackPathsScore xsi:nil="true"></my:allAttackPathsScore>
		<my:inherentRiskScore>0</my:inherentRiskScore>
		<my:Mitigation>
			<my:description></my:description>
			<my:benefits>0</my:benefits>
			<my:cost xsi:nil="true"></my:cost>
			<my:mitigationDecision>
				<my:decision></my:decision>
				<my:decisionDetail></my:decisionDetail>
			</my:mitigationDecision>
		</my:Mitigation>
		<my:mitigationsBenefits>1</my:mitigationsBenefits>
		<my:mitigationsDoneBenefits>1</my:mitigationsDoneBenefits>
		<my:mitigatedRiskScore>0</my:mitigatedRiskScore>
		<my:riskManagementDecision></my:riskManagementDecision>
		<my:riskManagmentDetail></my:riskManagmentDetail>
		<my:residualRiskScore>0</my:residualRiskScore>
		<my:residualRiskLevel>Low</my:residualRiskLevel>
	</my:Risk>
	<my:Vulnerability>
		<my:projectName></my:projectName>
		<my:projectVersion></my:projectVersion>
		<my:vulnerabilityId>1</my:vulnerabilityId>
		<my:vulnerabilityName></my:vulnerabilityName>
		<my:vulnerabilityFamily></my:vulnerabilityFamily>
		<my:vulnerabilityTrackingID></my:vulnerabilityTrackingID>
		<my:vulnerabilityTrackingURI></my:vulnerabilityTrackingURI>
		<my:vulnerabilityCVE></my:vulnerabilityCVE>
		<my:vulnerabilityDescription></my:vulnerabilityDescription>
		<my:vulnerabilityDescriptionAttachment xsi:nil="true"></my:vulnerabilityDescriptionAttachment>
		<my:supportingAssetRef></my:supportingAssetRef>
		<my:vulnerabilityCVSS>
			<my:vulnerabilityBaseScoreMetrics>
				<my:vulnerabilityExploitabilityMetrics>
					<my:accessVector>0.395</my:accessVector>
					<my:accessComplexity>0.61</my:accessComplexity>
					<my:authentication>0.704</my:authentication>
				</my:vulnerabilityExploitabilityMetrics>
				<my:vulnerabilityImpactMetrics>
					<my:confidentialityImpact>0.275</my:confidentialityImpact>
					<my:integrityImpact>0.275</my:integrityImpact>
					<my:availabilityImpact>0.275</my:availabilityImpact>
				</my:vulnerabilityImpactMetrics>
			</my:vulnerabilityBaseScoreMetrics>
			<my:vulnerabilityTemporalScoreMetrics>
				<my:exploitability>1</my:exploitability>
				<my:remediationLevel>1</my:remediationLevel>
				<my:reportConfidence>1</my:reportConfidence>
			</my:vulnerabilityTemporalScoreMetrics>
			<my:impactScore>6.442976718750001</my:impactScore>
			<my:exploitabilityScore>3.3925759999999996</my:exploitabilityScore>
			<my:baseScore>4.37803212315</my:baseScore>
			<my:temporalScore>4.37803212315</my:temporalScore>
		</my:vulnerabilityCVSS>
		<my:vulnerabilityCVEScoring>
			<my:cveScore>0</my:cveScore>
		</my:vulnerabilityCVEScoring>
		<my:overallScore>4</my:overallScore>
		<my:overallLevel>Medium</my:overallLevel>
	</my:Vulnerability>
	<my:Filter>
		<my:riskFilter></my:riskFilter>
		<my:vulnerabilityFilter></my:vulnerabilityFilter>
	</my:Filter>
	<my:group>
		<pc:BDCAssociatedEntity pc:EntityNamespace="" pc:EntityName="" pc:SystemInstanceName="" pc:AssociationName="">
			<pc:BDCEntity>
				<pc:EntityDisplayName></pc:EntityDisplayName>
				<pc:EntityInstanceReference></pc:EntityInstanceReference>
				<pc:EntityId1></pc:EntityId1>
				<pc:EntityId2></pc:EntityId2>
				<pc:EntityId3></pc:EntityId3>
				<pc:EntityId4></pc:EntityId4>
				<pc:EntityId5></pc:EntityId5>
			</pc:BDCEntity>
		</pc:BDCAssociatedEntity>
	</my:group>
	<my:signatures3>
		<my:signatures4></my:signatures4>
	</my:signatures3>
</my:ISRA>