<?xml version="1.0" encoding="UTF-8"?><?mso-infoPathSolution solutionVersion="1.0.0.2065" PIVersion="1.0.0.0" href="https://vaultshare.gemalto.com/sites/isra/ISRA/Forms/template.xsn" name="urn:schemas-microsoft-com:office:infopath:ISRA:-myXSD-2015-02-04T09-20-12" productVersion="14.0.0" ?><?mso-application progid="InfoPath.Document" versionProgid="InfoPath.Document.3"?><?mso-infoPath-file-attachment-present?><my:ISRA xmlns:xsi="http://www.w3.org/2001/XMLSchema-instance" xmlns:xhtml="http://www.w3.org/1999/xhtml" xmlns:pc="http://schemas.microsoft.com/office/infopath/2007/PartnerControls" xmlns:my="http://schemas.microsoft.com/office/infopath/2003/myXSD/2015-02-04T09:20:12" xmlns:xd="http://schemas.microsoft.com/office/infopath/2003" xml:lang="en-us">
	<my:ISRAmeta>
		<my:templateVersion>49</my:templateVersion>
		<my:projectName></my:projectName>
		<my:projectOrganization></my:projectOrganization>
		<my:projectVersion></my:projectVersion>
		
		<my:businessAssetsCount>3</my:businessAssetsCount>
		<my:supportingAssetsCount>6</my:supportingAssetsCount>
		<my:risksCount>8</my:risksCount>
		<my:vulnerabilitiesCount>7</my:vulnerabilitiesCount>
	</my:ISRAmeta>
	<my:ProjectContext>
		<my:projectDescription></my:projectDescription>
		<my:projectURL></my:projectURL>
		<my:projectDescriptionAttachment xsi:nil="true"></my:projectDescriptionAttachment>
	</my:ProjectContext>
	<my:BusinessAssetsDesc>
		<my:Criticity my:label="Critical">4</my:Criticity>
		<my:Criticity my:label="High">3</my:Criticity>
		<my:Criticity my:label="Medium">2</my:Criticity>
		<my:Criticity my:label="Low">1</my:Criticity>
		<my:Criticity my:label="Not Applicable">0</my:Criticity>
	</my:BusinessAssetsDesc>
	
	<my:SupportingAssetsDesc>
		<my:supportingAssetDiagram></my:supportingAssetDiagram>
	</my:SupportingAssetsDesc>
	
	
	
	<my:Filter>
		<my:riskFilter></my:riskFilter>
		<my:vulnerabilityFilter></my:vulnerabilityFilter>
	</my:Filter>
	<my:group>
		<pc:BDCAssociatedEntity pc:EntityNamespace="" pc:EntityName="" pc:SystemInstanceName="" pc:AssociationName="">
			<pc:BDCEntity>
				<pc:EntityDisplayName></pc:EntityDisplayName>
				<pc:EntityInstanceReference></pc:EntityInstanceReference>
				<pc:EntityId1></pc:EntityId1>
				<pc:EntityId2></pc:EntityId2>
				<pc:EntityId3></pc:EntityId3>
				<pc:EntityId4></pc:EntityId4>
				<pc:EntityId5></pc:EntityId5>
			</pc:BDCEntity>
		</pc:BDCAssociatedEntity>
	</my:group>
	<my:signatures3>
		<my:signatures4></my:signatures4>
	</my:signatures3>
</my:ISRA>